2018-01-14 23:15:56,734 [Worker-3] INFO  c.g.t.t.d.PublishedGradleVersions - Gradle version information cache is up-to-date. Trying to read.
2018-01-14 23:20:59,661 [Worker-10] ERROR o.e.m.c.i.p.r.ProjectRegistryReader - Can't read workspace state
java.io.InvalidClassException: org.eclipse.m2e.core.internal.project.registry.BasicProjectRegistry; local class incompatible: stream classdesc serialVersionUID = 5542512601401896748, local class serialVersionUID = 6232274446642339434
	at java.io.ObjectStreamClass.initNonProxy(ObjectStreamClass.java:616) ~[na:1.8.0_121]
	at java.io.ObjectInputStream.readNonProxyDesc(ObjectInputStream.java:1829) ~[na:1.8.0_121]
	at java.io.ObjectInputStream.readClassDesc(ObjectInputStream.java:1713) ~[na:1.8.0_121]
	at java.io.ObjectInputStream.readNonProxyDesc(ObjectInputStream.java:1829) ~[na:1.8.0_121]
	at java.io.ObjectInputStream.readClassDesc(ObjectInputStream.java:1713) ~[na:1.8.0_121]
	at java.io.ObjectInputStream.readOrdinaryObject(ObjectInputStream.java:1986) ~[na:1.8.0_121]
	at java.io.ObjectInputStream.readObject0(ObjectInputStream.java:1535) ~[na:1.8.0_121]
	at java.io.ObjectInputStream.readObject(ObjectInputStream.java:422) ~[na:1.8.0_121]
	at org.eclipse.m2e.core.internal.project.registry.ProjectRegistryReader.readWorkspaceState(ProjectRegistryReader.java:100) ~[org.eclipse.m2e.core_1.8.2.20171007-0217.jar:na]
	at org.eclipse.m2e.core.internal.project.registry.ProjectRegistryManager.<init>(ProjectRegistryManager.java:164) [org.eclipse.m2e.core_1.8.2.20171007-0217.jar:na]
	at org.eclipse.m2e.core.internal.MavenPluginActivator.start(MavenPluginActivator.java:211) [org.eclipse.m2e.core_1.8.2.20171007-0217.jar:na]
	at org.eclipse.osgi.internal.framework.BundleContextImpl$3.run(BundleContextImpl.java:779) [org.eclipse.osgi_3.12.50.v20170928-1321.jar:na]
	at org.eclipse.osgi.internal.framework.BundleContextImpl$3.run(BundleContextImpl.java:1) [org.eclipse.osgi_3.12.50.v20170928-1321.jar:na]
	at java.security.AccessController.doPrivileged(Native Method) [na:1.8.0_121]
	at org.eclipse.osgi.internal.framework.BundleContextImpl.startActivator(BundleContextImpl.java:772) [org.eclipse.osgi_3.12.50.v20170928-1321.jar:na]
	at org.eclipse.osgi.internal.framework.BundleContextImpl.start(BundleContextImpl.java:729) [org.eclipse.osgi_3.12.50.v20170928-1321.jar:na]
	at org.eclipse.osgi.internal.framework.EquinoxBundle.startWorker0(EquinoxBundle.java:933) [org.eclipse.osgi_3.12.50.v20170928-1321.jar:na]
	at org.eclipse.osgi.internal.framework.EquinoxBundle$EquinoxModule.startWorker(EquinoxBundle.java:309) [org.eclipse.osgi_3.12.50.v20170928-1321.jar:na]
	at org.eclipse.osgi.container.Module.doStart(Module.java:581) [org.eclipse.osgi_3.12.50.v20170928-1321.jar:na]
	at org.eclipse.osgi.container.Module.start(Module.java:449) [org.eclipse.osgi_3.12.50.v20170928-1321.jar:na]
	at org.eclipse.osgi.framework.util.SecureAction.start(SecureAction.java:468) [org.eclipse.osgi_3.12.50.v20170928-1321.jar:na]
	at org.eclipse.osgi.internal.hooks.EclipseLazyStarter.postFindLocalClass(EclipseLazyStarter.java:103) [org.eclipse.osgi_3.12.50.v20170928-1321.jar:na]
	at org.eclipse.osgi.internal.loader.classpath.ClasspathManager.findLocalClass(ClasspathManager.java:529) [org.eclipse.osgi_3.12.50.v20170928-1321.jar:na]
	at org.eclipse.osgi.internal.loader.ModuleClassLoader.findLocalClass(ModuleClassLoader.java:328) [org.eclipse.osgi_3.12.50.v20170928-1321.jar:na]
	at org.eclipse.osgi.internal.loader.BundleLoader.findLocalClass(BundleLoader.java:368) [org.eclipse.osgi_3.12.50.v20170928-1321.jar:na]
	at org.eclipse.osgi.internal.loader.sources.SingleSourcePackage.loadClass(SingleSourcePackage.java:36) [org.eclipse.osgi_3.12.50.v20170928-1321.jar:na]
	at org.eclipse.osgi.internal.loader.BundleLoader.findClassInternal(BundleLoader.java:442) [org.eclipse.osgi_3.12.50.v20170928-1321.jar:na]
	at org.eclipse.osgi.internal.loader.BundleLoader.findClass(BundleLoader.java:395) [org.eclipse.osgi_3.12.50.v20170928-1321.jar:na]
	at org.eclipse.osgi.internal.loader.BundleLoader.findClass(BundleLoader.java:387) [org.eclipse.osgi_3.12.50.v20170928-1321.jar:na]
	at org.eclipse.osgi.internal.loader.ModuleClassLoader.loadClass(ModuleClassLoader.java:150) [org.eclipse.osgi_3.12.50.v20170928-1321.jar:na]
	at java.lang.ClassLoader.loadClass(ClassLoader.java:357) [na:1.8.0_121]
	at java.lang.Class.getDeclaredConstructors0(Native Method) [na:1.8.0_121]
	at java.lang.Class.privateGetDeclaredConstructors(Class.java:2671) [na:1.8.0_121]
	at java.lang.Class.getConstructor0(Class.java:3075) [na:1.8.0_121]
	at java.lang.Class.newInstance(Class.java:412) [na:1.8.0_121]
	at org.eclipse.osgi.internal.framework.BundleContextImpl.loadBundleActivator(BundleContextImpl.java:763) [org.eclipse.osgi_3.12.50.v20170928-1321.jar:na]
	at org.eclipse.osgi.internal.framework.BundleContextImpl.start(BundleContextImpl.java:716) [org.eclipse.osgi_3.12.50.v20170928-1321.jar:na]
	at org.eclipse.osgi.internal.framework.EquinoxBundle.startWorker0(EquinoxBundle.java:933) [org.eclipse.osgi_3.12.50.v20170928-1321.jar:na]
	at org.eclipse.osgi.internal.framework.EquinoxBundle$EquinoxModule.startWorker(EquinoxBundle.java:309) [org.eclipse.osgi_3.12.50.v20170928-1321.jar:na]
	at org.eclipse.osgi.container.Module.doStart(Module.java:581) [org.eclipse.osgi_3.12.50.v20170928-1321.jar:na]
	at org.eclipse.osgi.container.Module.start(Module.java:449) [org.eclipse.osgi_3.12.50.v20170928-1321.jar:na]
	at org.eclipse.osgi.framework.util.SecureAction.start(SecureAction.java:468) [org.eclipse.osgi_3.12.50.v20170928-1321.jar:na]
	at org.eclipse.osgi.internal.hooks.EclipseLazyStarter.postFindLocalClass(EclipseLazyStarter.java:103) [org.eclipse.osgi_3.12.50.v20170928-1321.jar:na]
	at org.eclipse.osgi.internal.loader.classpath.ClasspathManager.findLocalClass(ClasspathManager.java:529) [org.eclipse.osgi_3.12.50.v20170928-1321.jar:na]
	at org.eclipse.osgi.internal.loader.ModuleClassLoader.findLocalClass(ModuleClassLoader.java:328) [org.eclipse.osgi_3.12.50.v20170928-1321.jar:na]
	at org.eclipse.osgi.internal.loader.BundleLoader.findLocalClass(BundleLoader.java:368) [org.eclipse.osgi_3.12.50.v20170928-1321.jar:na]
	at org.eclipse.osgi.internal.loader.BundleLoader.findClassInternal(BundleLoader.java:446) [org.eclipse.osgi_3.12.50.v20170928-1321.jar:na]
	at org.eclipse.osgi.internal.loader.BundleLoader.findClass(BundleLoader.java:395) [org.eclipse.osgi_3.12.50.v20170928-1321.jar:na]
	at org.eclipse.osgi.internal.loader.BundleLoader.findClass(BundleLoader.java:387) [org.eclipse.osgi_3.12.50.v20170928-1321.jar:na]
	at org.eclipse.osgi.internal.loader.ModuleClassLoader.loadClass(ModuleClassLoader.java:150) [org.eclipse.osgi_3.12.50.v20170928-1321.jar:na]
	at java.lang.ClassLoader.loadClass(ClassLoader.java:357) [na:1.8.0_121]
	at org.eclipse.osgi.internal.framework.EquinoxBundle.loadClass(EquinoxBundle.java:564) [org.eclipse.osgi_3.12.50.v20170928-1321.jar:na]
	at org.eclipse.core.internal.registry.osgi.RegistryStrategyOSGI.createExecutableExtension(RegistryStrategyOSGI.java:174) [org.eclipse.equinox.registry_3.7.0.v20170222-1344.jar:na]
	at org.eclipse.core.internal.registry.ExtensionRegistry.createExecutableExtension(ExtensionRegistry.java:905) [org.eclipse.equinox.registry_3.7.0.v20170222-1344.jar:na]
	at org.eclipse.core.internal.registry.ConfigurationElement.createExecutableExtension(ConfigurationElement.java:243) [org.eclipse.equinox.registry_3.7.0.v20170222-1344.jar:na]
	at org.eclipse.core.internal.registry.ConfigurationElementHandle.createExecutableExtension(ConfigurationElementHandle.java:55) [org.eclipse.equinox.registry_3.7.0.v20170222-1344.jar:na]
	at org.eclipse.jdt.core.JavaCore.computeClasspathContainerInitializer(JavaCore.java:3595) [org.eclipse.jdt.core_3.13.100.v20171123-1049.jar:na]
	at org.eclipse.jdt.core.JavaCore.getClasspathContainerInitializer(JavaCore.java:3571) [org.eclipse.jdt.core_3.13.100.v20171123-1049.jar:na]
	at org.eclipse.jdt.internal.core.JavaModelManager.initializeContainer(JavaModelManager.java:3093) [org.eclipse.jdt.core_3.13.100.v20171123-1049.jar:na]
	at org.eclipse.jdt.internal.core.JavaModelManager$10.run(JavaModelManager.java:3018) [org.eclipse.jdt.core_3.13.100.v20171123-1049.jar:na]
	at org.eclipse.jdt.internal.core.JavaModelManager.initializeAllContainers(JavaModelManager.java:3056) [org.eclipse.jdt.core_3.13.100.v20171123-1049.jar:na]
	at org.eclipse.jdt.internal.core.JavaModelManager.getClasspathContainer(JavaModelManager.java:2056) [org.eclipse.jdt.core_3.13.100.v20171123-1049.jar:na]
	at org.eclipse.jdt.core.JavaCore.getClasspathContainer(JavaCore.java:3548) [org.eclipse.jdt.core_3.13.100.v20171123-1049.jar:na]
	at org.eclipse.jdt.internal.core.JavaProject.resolveClasspath(JavaProject.java:2986) [org.eclipse.jdt.core_3.13.100.v20171123-1049.jar:na]
	at org.eclipse.jdt.internal.core.JavaProject.resolveClasspath(JavaProject.java:3150) [org.eclipse.jdt.core_3.13.100.v20171123-1049.jar:na]
	at org.eclipse.jdt.internal.core.JavaProject.getResolvedClasspath(JavaProject.java:2255) [org.eclipse.jdt.core_3.13.100.v20171123-1049.jar:na]
	at org.eclipse.jdt.internal.core.DeltaProcessingState.getRootInfos(DeltaProcessingState.java:310) [org.eclipse.jdt.core_3.13.100.v20171123-1049.jar:na]
	at org.eclipse.jdt.internal.core.DeltaProcessingState.initializeRoots(DeltaProcessingState.java:255) [org.eclipse.jdt.core_3.13.100.v20171123-1049.jar:na]
	at org.eclipse.jdt.internal.core.JavaModelOperation.run(JavaModelOperation.java:721) [org.eclipse.jdt.core_3.13.100.v20171123-1049.jar:na]
	at org.eclipse.jdt.internal.core.JavaModelOperation.runOperation(JavaModelOperation.java:790) [org.eclipse.jdt.core_3.13.100.v20171123-1049.jar:na]
	at org.eclipse.jdt.core.JavaCore.setClasspathContainer(JavaCore.java:5730) [org.eclipse.jdt.core_3.13.100.v20171123-1049.jar:na]
	at org.eclipse.jdt.internal.launching.JREContainerInitializer.initialize(JREContainerInitializer.java:72) [org.eclipse.jdt.launching_3.9.51.v20171114-1018.jar:na]
	at org.eclipse.jdt.internal.core.JavaModelManager.initializeContainer(JavaModelManager.java:3112) [org.eclipse.jdt.core_3.13.100.v20171123-1049.jar:na]
	at org.eclipse.jdt.internal.core.JavaModelManager$10.run(JavaModelManager.java:3018) [org.eclipse.jdt.core_3.13.100.v20171123-1049.jar:na]
	at org.eclipse.jdt.internal.core.JavaModelManager.initializeAllContainers(JavaModelManager.java:3056) [org.eclipse.jdt.core_3.13.100.v20171123-1049.jar:na]
	at org.eclipse.jdt.internal.core.JavaModelManager.getClasspathContainer(JavaModelManager.java:2056) [org.eclipse.jdt.core_3.13.100.v20171123-1049.jar:na]
	at org.eclipse.jdt.core.JavaCore.getClasspathContainer(JavaCore.java:3548) [org.eclipse.jdt.core_3.13.100.v20171123-1049.jar:na]
	at org.eclipse.jdt.internal.core.JavaProject.resolveClasspath(JavaProject.java:2986) [org.eclipse.jdt.core_3.13.100.v20171123-1049.jar:na]
	at org.eclipse.jdt.internal.core.JavaProject.resolveClasspath(JavaProject.java:3150) [org.eclipse.jdt.core_3.13.100.v20171123-1049.jar:na]
	at org.eclipse.jdt.internal.core.ClasspathChange.generateDelta(ClasspathChange.java:239) [org.eclipse.jdt.core_3.13.100.v20171123-1049.jar:na]
	at org.eclipse.jdt.internal.core.DeltaProcessor.resourceChanged(DeltaProcessor.java:2100) [org.eclipse.jdt.core_3.13.100.v20171123-1049.jar:na]
	at org.eclipse.jdt.internal.core.DeltaProcessingState.resourceChanged(DeltaProcessingState.java:473) [org.eclipse.jdt.core_3.13.100.v20171123-1049.jar:na]
	at org.eclipse.core.internal.events.NotificationManager$1.run(NotificationManager.java:299) [org.eclipse.core.resources_3.12.0.v20170417-1558.jar:na]
	at org.eclipse.core.runtime.SafeRunner.run(SafeRunner.java:42) [org.eclipse.equinox.common_3.9.0.v20170207-1454.jar:na]
	at org.eclipse.core.internal.events.NotificationManager.notify(NotificationManager.java:289) [org.eclipse.core.resources_3.12.0.v20170417-1558.jar:na]
	at org.eclipse.core.internal.events.NotificationManager.broadcastChanges(NotificationManager.java:152) [org.eclipse.core.resources_3.12.0.v20170417-1558.jar:na]
	at org.eclipse.core.internal.resources.Workspace.broadcastPostChange(Workspace.java:374) [org.eclipse.core.resources_3.12.0.v20170417-1558.jar:na]
	at org.eclipse.core.internal.resources.Workspace.endOperation(Workspace.java:1469) [org.eclipse.core.resources_3.12.0.v20170417-1558.jar:na]
	at org.eclipse.core.internal.resources.Workspace.run(Workspace.java:2253) [org.eclipse.core.resources_3.12.0.v20170417-1558.jar:na]
	at org.eclipse.core.internal.events.NotificationManager$NotifyJob.run(NotificationManager.java:43) [org.eclipse.core.resources_3.12.0.v20170417-1558.jar:na]
	at org.eclipse.core.internal.jobs.Worker.run(Worker.java:56) [org.eclipse.core.jobs_3.9.2.v20171030-1027.jar:na]
2018-01-14 23:21:29,242 [Worker-25] INFO  o.e.m.c.i.l.LifecycleMappingFactory - Using org.eclipse.m2e.jdt.JarLifecycleMapping lifecycle mapping for MavenProject: SimpleHttpServer:SimpleHttpServer:0.0.1-SNAPSHOT @ C:\Users\MehmetAkif-PC\git\BILMUH\JAVA\SimpleHttpServer\pom.xml.
